<?xml version="1.0" encoding="UTF-8"?>
<!-- Generated by org.testng.reporters.JUnitReportReporter -->
<testsuite hostname="DESKTOP-E4CV6RG" failures="0" tests="2" name="demo.AdminLoginTest" time="24.927" errors="0" timestamp="03 Oct 2023 12:30:05 GMT" skipped="0">
  <testcase classname="demo.AdminLoginTest" name="CheckAdminLogin" time="15.324"/>
  <testcase classname="demo.AdminLoginTest" name="CheckAdminLogin" time="9.603"/>
</testsuite> <!-- demo.AdminLoginTest -->
